Arguments: 
  C:\Program Files\nodejs\node.exe C:\Users\Sam\AppData\Roaming\npm\node_modules\yarn\bin\yarn.js add antd

PATH: 
  C:\Windows\system32;C:\Windows;C:\Windows\System32\Wbem;C:\Windows\System32\WindowsPowerShell\v1.0\;C:\Windows\System32\OpenSSH\;C:\Program Files\nodejs\;C:\Program Files\Java\jdk1.8.0_211\bin;C:\Program Files\Java\jdk1.8.0_211\jre\bin;F:\gradle\gradle-5.5\bin;F:\AndroidSdk\tools;F:\AndroidSdk\tools\bin;F:\AndroidSdk\platform-tools;C:\Program Files\PuTTY\;C:\Program Files\Git\cmd;C:\Users\Sam\AppData\Local\Yarn\bin;;C:\Android;C:\Windows\System32;C:\Users\Sam\Anaconda3;C:\Users\Sam\Anaconda3\Library\mingw-w64\bin;C:\Users\Sam\Anaconda3\Library\usr\bin;C:\Users\Sam\Anaconda3\Library\bin;C:\Users\Sam\Anaconda3\Scripts;C:\Users\Sam\AppData\Local\Microsoft\WindowsApps;C:\Users\Sam\AppData\Local\Programs\Microsoft VS Code\bin;C:\Users\Sam\AppData\Roaming\npm;C:\Users\Sam\AppData\Local\Programs\Fiddler;F:\Project\flutter\bin;C:\Users\Sam\AppData\Local\GitHubDesktop\bin

Yarn version: 
  1.16.0

Node version: 
  10.16.0

Platform: 
  win32 x64

Trace: 
  Error: ENOENT: no such file or directory, copyfile 'C:\Users\Sam\AppData\Local\Yarn\Cache\v4\npm-@ant-design-icons-svg-4.1.0-480b025f4b20ef7fe8f47d4a4846e4fee84ea06c\node_modules\@ant-design\icons-svg\inline-namespaced-svg\twotone\api.svg' -> 'F:\Project\z-ui\node_modules\@ant-design\icons-svg\inline-namespaced-svg\twotone\api.svg'

npm manifest: 
  {
    "name": "z-ui",
    "version": "0.0.1",
    "description": "ziyong",
    "main": "index.ts",
    "author": "zsf",
    "license": "MIT",
    "dependencies": {
      "react": "^17.0.1",
      "react-dom": "^17.0.1"
    }
  }

yarn manifest: 
  No manifest

Lockfile: 
  # THIS IS AN AUTOGENERATED FILE. DO NOT EDIT THIS FILE DIRECTLY.
  # yarn lockfile v1
  
  
  "js-tokens@^3.0.0 || ^4.0.0":
    version "4.0.0"
    resolved "https://registry.yarnpkg.com/js-tokens/-/js-tokens-4.0.0.tgz#19203fb59991df98e3a287050d4647cdeaf32499"
    integrity sha512-RdJUflcE3cUzKiMqQgsCu06FPu9UdIJO0beYbPhHN4k6apgJtifcoCtT9bcxOpYBtpD2kCM6Sbzg4CausW/PKQ==
  
  loose-envify@^1.1.0:
    version "1.4.0"
    resolved "https://registry.yarnpkg.com/loose-envify/-/loose-envify-1.4.0.tgz#71ee51fa7be4caec1a63839f7e682d8132d30caf"
    integrity sha512-lyuxPGr/Wfhrlem2CL/UcnUc1zcqKAImBDzukY7Y5F/yQiNdko6+fRLevlw1HgMySw7f611UIY408EtxRSoK3Q==
    dependencies:
      js-tokens "^3.0.0 || ^4.0.0"
  
  object-assign@^4.1.1:
    version "4.1.1"
    resolved "https://registry.yarnpkg.com/object-assign/-/object-assign-4.1.1.tgz#2109adc7965887cfc05cbbd442cac8bfbb360863"
    integrity sha1-IQmtx5ZYh8/AXLvUQsrIv7s2CGM=
  
  react-dom@^17.0.1:
    version "17.0.1"
    resolved "https://registry.yarnpkg.com/react-dom/-/react-dom-17.0.1.tgz#1de2560474ec9f0e334285662ede52dbc5426fc6"
    integrity sha512-6eV150oJZ9U2t9svnsspTMrWNyHc6chX0KzDeAOXftRa8bNeOKTTfCJ7KorIwenkHd2xqVTBTCZd79yk/lx/Ug==
    dependencies:
      loose-envify "^1.1.0"
      object-assign "^4.1.1"
      scheduler "^0.20.1"
  
  react@^17.0.1:
    version "17.0.1"
    resolved "https://registry.yarnpkg.com/react/-/react-17.0.1.tgz#6e0600416bd57574e3f86d92edba3d9008726127"
    integrity sha512-lG9c9UuMHdcAexXtigOZLX8exLWkW0Ku29qPRU8uhF2R9BN96dLCt0psvzPLlHc5OWkgymP3qwTRgbnw5BKx3w==
    dependencies:
      loose-envify "^1.1.0"
      object-assign "^4.1.1"
  
  scheduler@^0.20.1:
    version "0.20.1"
    resolved "https://registry.yarnpkg.com/scheduler/-/scheduler-0.20.1.tgz#da0b907e24026b01181ecbc75efdc7f27b5a000c"
    integrity sha512-LKTe+2xNJBNxu/QhHvDR14wUXHRQbVY5ZOYpOGWRzhydZUqrLb2JBvLPY7cAqFmqrWuDED0Mjk7013SZiOz6Bw==
    dependencies:
      loose-envify "^1.1.0"
      object-assign "^4.1.1"
